{"contracts/MockERC20.sol":{"l":{"18":6,"19":6,"23":0,"27":0},"path":"/Users/dana/DANASZOVA/WORKING/vault/contracts/MockERC20.sol","s":{"1":6,"2":0,"3":0},"b":{},"f":{"1":6,"2":0,"3":0},"fnMap":{"1":{"name":"constructor","line":17,"loc":{"start":{"line":13,"column":4},"end":{"line":20,"column":4}}},"2":{"name":"decimals","line":22,"loc":{"start":{"line":22,"column":4},"end":{"line":24,"column":4}}},"3":{"name":"mint","line":26,"loc":{"start":{"line":26,"column":4},"end":{"line":28,"column":4}}}},"statementMap":{"1":{"start":{"line":19,"column":8},"end":{"line":19,"column":51}},"2":{"start":{"line":23,"column":8},"end":{"line":23,"column":24}},"3":{"start":{"line":27,"column":8},"end":{"line":27,"column":24}}},"branchMap":{}},"contracts/StrategyFactory.sol":{"l":{"25":7,"26":5,"29":5,"32":5,"34":5,"42":2,"51":1,"52":1,"60":1},"path":"/Users/dana/DANASZOVA/WORKING/vault/contracts/StrategyFactory.sol","s":{"1":7,"2":5,"3":5,"4":5,"5":5,"6":2,"7":1,"8":1,"9":1},"b":{"1":[1,0]},"f":{"1":7,"2":2,"3":1,"4":1},"fnMap":{"1":{"name":"createStrategy","line":23,"loc":{"start":{"line":23,"column":4},"end":{"line":35,"column":4}}},"2":{"name":"getStrategyCount","line":41,"loc":{"start":{"line":41,"column":4},"end":{"line":43,"column":4}}},"3":{"name":"getStrategy","line":50,"loc":{"start":{"line":50,"column":4},"end":{"line":53,"column":4}}},"4":{"name":"getAllStrategies","line":59,"loc":{"start":{"line":59,"column":4},"end":{"line":61,"column":4}}}},"statementMap":{"1":{"start":{"line":25,"column":8},"end":{"line":25,"column":58}},"2":{"start":{"line":26,"column":8},"end":{"line":26,"column":51}},"3":{"start":{"line":29,"column":8},"end":{"line":29,"column":47}},"4":{"start":{"line":32,"column":8},"end":{"line":32,"column":77}},"5":{"start":{"line":34,"column":8},"end":{"line":34,"column":30}},"6":{"start":{"line":42,"column":8},"end":{"line":42,"column":40}},"7":{"start":{"line":51,"column":8},"end":{"line":51,"column":72}},"8":{"start":{"line":52,"column":8},"end":{"line":52,"column":40}},"9":{"start":{"line":60,"column":8},"end":{"line":60,"column":33}}},"branchMap":{"1":{"line":51,"type":"if","locations":[{"start":{"line":51,"column":8},"end":{"line":51,"column":8}},{"start":{"line":51,"column":8},"end":{"line":51,"column":8}}]}}},"contracts/StrategyVault.sol":{"l":{"42":7,"43":6,"44":6,"45":6,"46":6,"47":5,"49":5,"50":5,"58":13,"59":12,"62":11,"63":11,"65":11,"66":11,"74":8,"78":8,"85":8,"86":8,"87":7,"90":6,"91":6,"92":6,"93":6,"96":6,"103":3,"104":2,"106":1,"107":1,"108":1,"110":1,"111":1,"113":1,"121":1,"131":2,"132":2,"133":2},"path":"/Users/dana/DANASZOVA/WORKING/vault/contracts/StrategyVault.sol","s":{"1":7,"2":6,"3":6,"4":6,"5":6,"6":5,"7":5,"8":13,"9":12,"10":11,"11":11,"12":11,"13":8,"14":0,"15":8,"16":8,"17":8,"18":7,"19":6,"20":3,"21":2,"22":1,"23":1,"24":1,"25":1,"26":1,"27":1},"b":{"1":[6,1],"2":[6,0],"3":[6,0],"4":[6,0],"5":[5,1],"6":[5,0],"7":[13,0],"8":[12,1],"9":[11,1],"10":[11,0],"11":[0,8],"12":[8,0],"13":[8,0],"14":[7,1],"15":[6,1],"16":[4,0],"17":[3,1],"18":[2,1],"19":[1,1],"20":[1,0],"21":[1,0],"22":[1,1]},"f":{"1":7,"2":13,"3":8,"4":8,"5":3,"6":1,"7":2},"fnMap":{"1":{"name":"constructor","line":41,"loc":{"start":{"line":41,"column":4},"end":{"line":51,"column":4}}},"2":{"name":"deposit","line":57,"loc":{"start":{"line":57,"column":4},"end":{"line":67,"column":4}}},"3":{"name":"checkConditions","line":73,"loc":{"start":{"line":73,"column":4},"end":{"line":79,"column":4}}},"4":{"name":"executeStrategy","line":84,"loc":{"start":{"line":84,"column":4},"end":{"line":97,"column":4}}},"5":{"name":"withdraw","line":102,"loc":{"start":{"line":102,"column":4},"end":{"line":114,"column":4}}},"6":{"name":"getBalance","line":120,"loc":{"start":{"line":120,"column":4},"end":{"line":122,"column":4}}},"7":{"name":"getStatus","line":130,"loc":{"start":{"line":130,"column":4},"end":{"line":134,"column":4}}}},"statementMap":{"1":{"start":{"line":42,"column":8},"end":{"line":42,"column":71}},"2":{"start":{"line":43,"column":8},"end":{"line":43,"column":73}},"3":{"start":{"line":44,"column":8},"end":{"line":44,"column":62}},"4":{"start":{"line":45,"column":8},"end":{"line":45,"column":73}},"5":{"start":{"line":46,"column":8},"end":{"line":46,"column":71}},"6":{"start":{"line":47,"column":8},"end":{"line":47,"column":72}},"7":{"start":{"line":50,"column":8},"end":{"line":50,"column":45}},"8":{"start":{"line":58,"column":8},"end":{"line":58,"column":54}},"9":{"start":{"line":59,"column":8},"end":{"line":59,"column":59}},"10":{"start":{"line":62,"column":8},"end":{"line":62,"column":53}},"11":{"start":{"line":63,"column":8},"end":{"line":63,"column":93}},"12":{"start":{"line":66,"column":8},"end":{"line":66,"column":42}},"13":{"start":{"line":74,"column":8},"end":{"line":74,"column":34}},"14":{"start":{"line":74,"column":22},"end":{"line":74,"column":34}},"15":{"start":{"line":78,"column":8},"end":{"line":78,"column":57}},"16":{"start":{"line":85,"column":8},"end":{"line":85,"column":54}},"17":{"start":{"line":86,"column":8},"end":{"line":86,"column":55}},"18":{"start":{"line":87,"column":8},"end":{"line":87,"column":78}},"19":{"start":{"line":96,"column":8},"end":{"line":96,"column":70}},"20":{"start":{"line":103,"column":8},"end":{"line":103,"column":49}},"21":{"start":{"line":104,"column":8},"end":{"line":104,"column":71}},"22":{"start":{"line":106,"column":8},"end":{"line":106,"column":53}},"23":{"start":{"line":107,"column":8},"end":{"line":107,"column":61}},"24":{"start":{"line":108,"column":8},"end":{"line":108,"column":51}},"25":{"start":{"line":110,"column":8},"end":{"line":110,"column":74}},"26":{"start":{"line":113,"column":8},"end":{"line":113,"column":40}},"27":{"start":{"line":121,"column":8},"end":{"line":121,"column":65}}},"branchMap":{"1":{"line":42,"type":"if","locations":[{"start":{"line":42,"column":8},"end":{"line":42,"column":8}},{"start":{"line":42,"column":8},"end":{"line":42,"column":8}}]},"2":{"line":43,"type":"if","locations":[{"start":{"line":43,"column":8},"end":{"line":43,"column":8}},{"start":{"line":43,"column":8},"end":{"line":43,"column":8}}]},"3":{"line":44,"type":"if","locations":[{"start":{"line":44,"column":8},"end":{"line":44,"column":8}},{"start":{"line":44,"column":8},"end":{"line":44,"column":8}}]},"4":{"line":45,"type":"if","locations":[{"start":{"line":45,"column":8},"end":{"line":45,"column":8}},{"start":{"line":45,"column":8},"end":{"line":45,"column":8}}]},"5":{"line":46,"type":"if","locations":[{"start":{"line":46,"column":8},"end":{"line":46,"column":8}},{"start":{"line":46,"column":8},"end":{"line":46,"column":8}}]},"6":{"line":47,"type":"if","locations":[{"start":{"line":47,"column":8},"end":{"line":47,"column":8}},{"start":{"line":47,"column":8},"end":{"line":47,"column":8}}]},"7":{"line":57,"type":"if","locations":[{"start":{"line":57,"column":46},"end":{"line":57,"column":46}},{"start":{"line":57,"column":46},"end":{"line":57,"column":46}}]},"8":{"line":58,"type":"if","locations":[{"start":{"line":58,"column":8},"end":{"line":58,"column":8}},{"start":{"line":58,"column":8},"end":{"line":58,"column":8}}]},"9":{"line":59,"type":"if","locations":[{"start":{"line":59,"column":8},"end":{"line":59,"column":8}},{"start":{"line":59,"column":8},"end":{"line":59,"column":8}}]},"10":{"line":63,"type":"if","locations":[{"start":{"line":63,"column":8},"end":{"line":63,"column":8}},{"start":{"line":63,"column":8},"end":{"line":63,"column":8}}]},"11":{"line":74,"type":"if","locations":[{"start":{"line":74,"column":8},"end":{"line":74,"column":8}},{"start":{"line":74,"column":8},"end":{"line":74,"column":8}}]},"12":{"line":84,"type":"if","locations":[{"start":{"line":84,"column":40},"end":{"line":84,"column":40}},{"start":{"line":84,"column":40},"end":{"line":84,"column":40}}]},"13":{"line":85,"type":"if","locations":[{"start":{"line":85,"column":8},"end":{"line":85,"column":8}},{"start":{"line":85,"column":8},"end":{"line":85,"column":8}}]},"14":{"line":86,"type":"if","locations":[{"start":{"line":86,"column":8},"end":{"line":86,"column":8}},{"start":{"line":86,"column":8},"end":{"line":86,"column":8}}]},"15":{"line":87,"type":"if","locations":[{"start":{"line":87,"column":8},"end":{"line":87,"column":8}},{"start":{"line":87,"column":8},"end":{"line":87,"column":8}}]},"16":{"line":102,"type":"if","locations":[{"start":{"line":102,"column":33},"end":{"line":102,"column":33}},{"start":{"line":102,"column":33},"end":{"line":102,"column":33}}]},"17":{"line":102,"type":"if","locations":[{"start":{"line":102,"column":46},"end":{"line":102,"column":46}},{"start":{"line":102,"column":46},"end":{"line":102,"column":46}}]},"18":{"line":103,"type":"if","locations":[{"start":{"line":103,"column":8},"end":{"line":103,"column":8}},{"start":{"line":103,"column":8},"end":{"line":103,"column":8}}]},"19":{"line":104,"type":"if","locations":[{"start":{"line":104,"column":8},"end":{"line":104,"column":8}},{"start":{"line":104,"column":8},"end":{"line":104,"column":8}}]},"20":{"line":108,"type":"if","locations":[{"start":{"line":108,"column":8},"end":{"line":108,"column":8}},{"start":{"line":108,"column":8},"end":{"line":108,"column":8}}]},"21":{"line":110,"type":"if","locations":[{"start":{"line":110,"column":8},"end":{"line":110,"column":8}},{"start":{"line":110,"column":8},"end":{"line":110,"column":8}}]},"22":{"line":133,"type":"if","locations":[{"start":{"line":133,"column":66},"end":{"line":133,"column":94}},{"start":{"line":133,"column":98},"end":{"line":133,"column":98}}]}}}}